build/app/outputs/mapping/release/usage.txt
com.example.peliculas.MainActivity
...
androidx.core.internal.view.SupportSubMenu
androidx.core.view.NestedScrollingParent3
io.flutter.embedding.engine.dart.DartExecutor$DartCallback
kotlin.jvm.internal.markers.KMutableListIterator
androidx.core.provider.SelfDestructiveThread$1
kotlin.coroutines.experimental.migration.CoroutinesMigrationKt
androidx.core.graphics.PathParser$PathDataNode
androidx.core.view.ViewCompat$OnUnhandledKeyEventListenerCompat
kotlin.ParameterName
io.flutter.embedding.engine.systemchannels.PlatformViewsChannel$PlatformViewTouch
io.flutter.embedding.engine.FlutterEngineCache
kotlin.collections.CollectionsKt__IteratorsJVMKt$iterator$1
kotlin.contracts.ContractBuilder$DefaultImpls
androidx.core.view.ViewParentCompat
androidx.activity.R$styleable
kotlin.collections.MapWithDefault
androidx.customview.R
io.flutter.embedding.engine.systemchannels.RestorationChannel$2
kotlin.jvm.functions.Function4
androidx.core.app.NotificationCompat$Action$SemanticAction
androidx.core.widget.PopupWindowCompat
androidx.fragment.app.FragmentTransitionImpl$1
androidx.annotation.RawRes
io.flutter.app.FlutterActivityDelegate
kotlin.ranges.CharRange$Companion
androidx.core.content.pm.PermissionInfoCompat
io.flutter.embedding.android.FlutterSplashView$1
androidx.fragment.R$dimen
kotlin.io.SerializableKt
androidx.annotation.VisibleForTesting
androidx.core.view.ViewCompat$ScrollIndicators
io.flutter.embedding.android.SplashScreenProvider
kotlin.Unit
androidx.core.view.NestedScrollingParentHelper
kotlin.jvm.internal.ByteSpreadBuilder
androidx.core.util.Consumer
androidx.lifecycle.Lifecycling
androidx.core.view.accessibility.AccessibilityWindowInfoCompat
androidx.core.location.LocationManagerCompat
androidx.lifecycle.FullLifecycleObserverAdapter$1
io.flutter.view.AccessibilityBridge$1
kotlin.text.Typography
androidx.core.view.inputmethod.InputContentInfoCompat
io.flutter.embedding.android.FlutterActivity$CachedEngineIntentBuilder
androidx.core.app.NotificationCompat$BigPictureStyle
kotlin.ULongArray
androidx.core.content.pm.ShortcutInfoCompatSaver$NoopImpl
kotlin.contracts.ConditionalEffect
androidx.core.provider.FontsContractCompat$4$6
androidx.activity.R$color
io.flutter.embedding.android.FlutterView$1
io.flutter.plugin.common.FlutterException
kotlin.text.StringsKt___StringsKt$chunkedSequence$1
androidx.activity.R
kotlin.jvm.functions.Function20
kotlin.LazyThreadSafetyMode
androidx.lifecycle.ViewModel
androidx.annotation.RequiresApi
io.flutter.view.AccessibilityBridge$Flag
androidx.core.app.NotificationCompat$BigTextStyle
kotlin.jvm.internal.CharSpreadBuilder
androidx.core.app.ActivityCompat$PermissionCompatDelegate
androidx.core.view.inputmethod.InputContentInfoCompat$InputContentInfoCompatBaseImpl
kotlin.jvm.internal.LocalVariableReference
androidx.annotation.AnyThread
androidx.core.content.FileProvider$PathStrategy
kotlin.jvm.Volatile
kotlin.time.AdjustedClockMark
androidx.core.app.NotificationCompat$DecoratedCustomViewStyle
androidx.core.widget.ImageViewCompat
androidx.viewpager.R$color
kotlin.internal.AccessibleLateinitPropertyLiteral
io.flutter.embedding.engine.systemchannels.PlatformViewsChannel$PlatformViewResizeRequest
kotlin.jvm.internal.ShortSpreadBuilder
androidx.annotation.RestrictTo$Scope
androidx.core.widget.ContentLoadingProgressBar
kotlin.coroutines.experimental.ContinuationInterceptor
androidx.core.view.ViewCompat$2
io.flutter.plugin.common.EventChannel$IncomingStreamRequestHandler$EventSinkImplementation
androidx.core.app.NotificationCompatJellybean
io.flutter.embedding.engine.deferredcomponents.PlayStoreDeferredComponentManager$FeatureInstallStateUpdatedListener
kotlin.collections.AbstractMap$keys$1$iterator$1
kotlin.sequences.SubSequence$iterator$1
androidx.loader.content.ModernAsyncTask$AsyncTaskResult
io.flutter.embedding.android.FlutterFragment$ActivityCallThrough
kotlin.collections.RingBuffer
kotlin.jvm.internal.BooleanCompanionObject
io.flutter.embedding.engine.systemchannels.SystemChannel
kotlin.jvm.internal.Ref$ObjectRef